----------

Tue May 12 2020 10:17:48 GMT-0400 (Eastern Daylight Time)

Script /home/anujjbubna/Applications/Bootstrap Studio/export.sh couldn't be run

----------

Tue May 12 2020 10:40:24 GMT-0400 (Eastern Daylight Time)

To github.com:anujjbubna/anujjbubna.github.io.git
   56270bb..b8d047d  master -> master


----------

Tue May 12 2020 10:42:20 GMT-0400 (Eastern Daylight Time)

To github.com:anujjbubna/anujjbubna.github.io.git
   b8d047d..e9a6689  master -> master


----------

Tue May 12 2020 10:43:14 GMT-0400 (Eastern Daylight Time)

To github.com:anujjbubna/anujjbubna.github.io.git
   e9a6689..2afe9a9  master -> master


----------

Tue May 12 2020 10:49:07 GMT-0400 (Eastern Daylight Time)

To github.com:anujjbubna/anujjbubna.github.io.git
   2afe9a9..7abed0a  master -> master


----------

Tue May 12 2020 10:53:06 GMT-0400 (Eastern Daylight Time)

To github.com:anujjbubna/anujjbubna.github.io.git
   7abed0a..6aaa4c4  master -> master


----------

Tue May 12 2020 10:56:57 GMT-0400 (Eastern Daylight Time)

To github.com:anujjbubna/anujjbubna.github.io.git
   6aaa4c4..b27bde6  master -> master


----------

Tue May 12 2020 15:57:47 GMT-0400 (Eastern Daylight Time)

Warning: Permanently added the RSA host key for IP address '140.82.112.4' to the list of known hosts.


----------

Tue May 12 2020 15:57:48 GMT-0400 (Eastern Daylight Time)

To github.com:anujjbubna/anujjbubna.github.io.git
 ! [rejected]        master -> master (fetch first)


----------

Tue May 12 2020 15:57:48 GMT-0400 (Eastern Daylight Time)

error: failed to push some refs to 'git@github.com:anujjbubna/anujjbubna.github.io.git'
hint: Updates were rejected because the remote contains work that you do
hint: not have locally. This is usually caused by another repository pushing
hint: to the same ref. You may want to first integrate the remote changes
hint: (e.g., 'git pull ...') before pushing again.
hint: See the 'Note about fast-forwards' in 'git push --help' for details.


